[0701/141228.673:ERROR:media_internals.cc(112)] Cannot get RenderProcessHost
[0705/131326.468:WARNING:dns_config_service_win.cc(668)] Failed to read DnsConfig.
[0705/131329.438:WARNING:dns_config_service_win.cc(668)] Failed to read DnsConfig.
[0705/131330.069:WARNING:dns_config_service_win.cc(668)] Failed to read DnsConfig.
[0705/131331.494:WARNING:dns_config_service_win.cc(668)] Failed to read DnsConfig.
[0705/131334.454:WARNING:dns_config_service_win.cc(668)] Failed to read DnsConfig.
[0705/131335.092:WARNING:dns_config_service_win.cc(668)] Failed to read DnsConfig.
[0705/131336.518:WARNING:dns_config_service_win.cc(668)] Failed to read DnsConfig.
[0705/131339.471:WARNING:dns_config_service_win.cc(668)] Failed to read DnsConfig.
[0705/131340.117:WARNING:dns_config_service_win.cc(668)] Failed to read DnsConfig.
[0705/131341.532:WARNING:dns_config_service_win.cc(668)] Failed to read DnsConfig.
[0705/131344.501:WARNING:dns_config_service_win.cc(668)] Failed to read DnsConfig.
[0705/131345.136:WARNING:dns_config_service_win.cc(668)] Failed to read DnsConfig.
[0705/131346.550:WARNING:dns_config_service_win.cc(668)] Failed to read DnsConfig.
[0705/131349.517:WARNING:dns_config_service_win.cc(668)] Failed to read DnsConfig.
[0705/131350.161:WARNING:dns_config_service_win.cc(668)] Failed to read DnsConfig.
[0705/131351.571:WARNING:dns_config_service_win.cc(668)] Failed to read DnsConfig.
[0705/131354.533:WARNING:dns_config_service_win.cc(668)] Failed to read DnsConfig.
[0705/131355.171:WARNING:dns_config_service_win.cc(668)] Failed to read DnsConfig.
[0705/131356.602:WARNING:dns_config_service_win.cc(668)] Failed to read DnsConfig.
[0705/131359.555:WARNING:dns_config_service_win.cc(668)] Failed to read DnsConfig.
[0705/131400.178:WARNING:dns_config_service_win.cc(668)] Failed to read DnsConfig.
[0705/131401.613:WARNING:dns_config_service_win.cc(668)] Failed to read DnsConfig.
[0705/131404.578:WARNING:dns_config_service_win.cc(668)] Failed to read DnsConfig.
[0705/131405.202:WARNING:dns_config_service_win.cc(668)] Failed to read DnsConfig.
[0705/131406.634:WARNING:dns_config_service_win.cc(668)] Failed to read DnsConfig.
[0705/131409.606:WARNING:dns_config_service_win.cc(668)] Failed to read DnsConfig.
[0705/131410.228:WARNING:dns_config_service_win.cc(668)] Failed to read DnsConfig.
[0705/131411.650:WARNING:dns_config_service_win.cc(668)] Failed to read DnsConfig.
[0705/131414.608:WARNING:dns_config_service_win.cc(668)] Failed to read DnsConfig.
[0705/131415.244:WARNING:dns_config_service_win.cc(668)] Failed to read DnsConfig.
[0705/131416.671:WARNING:dns_config_service_win.cc(668)] Failed to read DnsConfig.
[0705/131419.648:WARNING:dns_config_service_win.cc(668)] Failed to read DnsConfig.
[0705/131420.268:WARNING:dns_config_service_win.cc(668)] Failed to read DnsConfig.
[0705/131421.688:WARNING:dns_config_service_win.cc(668)] Failed to read DnsConfig.
[0705/131424.675:WARNING:dns_config_service_win.cc(668)] Failed to read DnsConfig.
[0705/131425.284:WARNING:dns_config_service_win.cc(668)] Failed to read DnsConfig.
[0705/131426.718:WARNING:dns_config_service_win.cc(668)] Failed to read DnsConfig.
[0705/131429.698:WARNING:dns_config_service_win.cc(668)] Failed to read DnsConfig.
[0705/131430.303:WARNING:dns_config_service_win.cc(668)] Failed to read DnsConfig.
[0705/131431.731:WARNING:dns_config_service_win.cc(668)] Failed to read DnsConfig.
[0705/131434.718:WARNING:dns_config_service_win.cc(668)] Failed to read DnsConfig.
[0705/131435.319:WARNING:dns_config_service_win.cc(668)] Failed to read DnsConfig.
[0705/131436.756:WARNING:dns_config_service_win.cc(668)] Failed to read DnsConfig.
[0705/131439.747:WARNING:dns_config_service_win.cc(668)] Failed to read DnsConfig.
[0705/131440.346:WARNING:dns_config_service_win.cc(668)] Failed to read DnsConfig.
[0705/131441.790:WARNING:dns_config_service_win.cc(668)] Failed to read DnsConfig.
[0705/131444.769:WARNING:dns_config_service_win.cc(668)] Failed to read DnsConfig.
[0705/131445.371:WARNING:dns_config_service_win.cc(668)] Failed to read DnsConfig.
[0705/131446.808:WARNING:dns_config_service_win.cc(668)] Failed to read DnsConfig.
[0705/131449.792:WARNING:dns_config_service_win.cc(668)] Failed to read DnsConfig.
[0705/131450.387:WARNING:dns_config_service_win.cc(668)] Failed to read DnsConfig.
[0705/131451.824:WARNING:dns_config_service_win.cc(668)] Failed to read DnsConfig.
[0705/131454.801:WARNING:dns_config_service_win.cc(668)] Failed to read DnsConfig.
[0705/131455.414:WARNING:dns_config_service_win.cc(668)] Failed to read DnsConfig.
[0705/131456.842:WARNING:dns_config_service_win.cc(668)] Failed to read DnsConfig.
[0705/131459.817:WARNING:dns_config_service_win.cc(668)] Failed to read DnsConfig.
[0705/131500.432:WARNING:dns_config_service_win.cc(668)] Failed to read DnsConfig.
[0705/131501.863:WARNING:dns_config_service_win.cc(668)] Failed to read DnsConfig.
[0705/131504.837:WARNING:dns_config_service_win.cc(668)] Failed to read DnsConfig.
[0705/131505.446:WARNING:dns_config_service_win.cc(668)] Failed to read DnsConfig.
[0705/131506.882:WARNING:dns_config_service_win.cc(668)] Failed to read DnsConfig.
[0705/131509.852:WARNING:dns_config_service_win.cc(668)] Failed to read DnsConfig.
[0705/131510.471:WARNING:dns_config_service_win.cc(668)] Failed to read DnsConfig.
[0705/131511.904:WARNING:dns_config_service_win.cc(668)] Failed to read DnsConfig.
[0705/131514.892:WARNING:dns_config_service_win.cc(668)] Failed to read DnsConfig.
[0705/131515.479:WARNING:dns_config_service_win.cc(668)] Failed to read DnsConfig.
[0705/131516.920:WARNING:dns_config_service_win.cc(668)] Failed to read DnsConfig.
[0705/131519.906:WARNING:dns_config_service_win.cc(668)] Failed to read DnsConfig.
[0705/131520.497:WARNING:dns_config_service_win.cc(668)] Failed to read DnsConfig.
[0705/131521.926:WARNING:dns_config_service_win.cc(668)] Failed to read DnsConfig.
[0705/131524.921:WARNING:dns_config_service_win.cc(668)] Failed to read DnsConfig.
[0705/131525.510:WARNING:dns_config_service_win.cc(668)] Failed to read DnsConfig.
[0705/131526.944:WARNING:dns_config_service_win.cc(668)] Failed to read DnsConfig.
[0705/131529.948:WARNING:dns_config_service_win.cc(668)] Failed to read DnsConfig.
[0705/131530.537:WARNING:dns_config_service_win.cc(668)] Failed to read DnsConfig.
[0705/131531.972:WARNING:dns_config_service_win.cc(668)] Failed to read DnsConfig.
[0705/131534.966:WARNING:dns_config_service_win.cc(668)] Failed to read DnsConfig.
[0705/131535.559:WARNING:dns_config_service_win.cc(668)] Failed to read DnsConfig.
[0705/131536.995:WARNING:dns_config_service_win.cc(668)] Failed to read DnsConfig.
[0705/131539.989:WARNING:dns_config_service_win.cc(668)] Failed to read DnsConfig.
[0705/131540.595:WARNING:dns_config_service_win.cc(668)] Failed to read DnsConfig.
[0705/131542.009:WARNING:dns_config_service_win.cc(668)] Failed to read DnsConfig.
[0705/131545.003:WARNING:dns_config_service_win.cc(668)] Failed to read DnsConfig.
[0705/131545.620:WARNING:dns_config_service_win.cc(668)] Failed to read DnsConfig.
[0705/131547.021:WARNING:dns_config_service_win.cc(668)] Failed to read DnsConfig.
[0705/131550.026:WARNING:dns_config_service_win.cc(668)] Failed to read DnsConfig.
[0705/131550.632:WARNING:dns_config_service_win.cc(668)] Failed to read DnsConfig.
[0705/131552.043:WARNING:dns_config_service_win.cc(668)] Failed to read DnsConfig.
[0705/131555.048:WARNING:dns_config_service_win.cc(668)] Failed to read DnsConfig.
[0705/131555.644:WARNING:dns_config_service_win.cc(668)] Failed to read DnsConfig.
[0705/131557.064:WARNING:dns_config_service_win.cc(668)] Failed to read DnsConfig.
[0705/131600.073:WARNING:dns_config_service_win.cc(668)] Failed to read DnsConfig.
[0705/131600.666:WARNING:dns_config_service_win.cc(668)] Failed to read DnsConfig.
[0705/131602.088:WARNING:dns_config_service_win.cc(668)] Failed to read DnsConfig.
[0705/131605.087:WARNING:dns_config_service_win.cc(668)] Failed to read DnsConfig.
[0705/131605.678:WARNING:dns_config_service_win.cc(668)] Failed to read DnsConfig.
[0705/131607.107:WARNING:dns_config_service_win.cc(668)] Failed to read DnsConfig.
[0705/131610.097:WARNING:dns_config_service_win.cc(668)] Failed to read DnsConfig.
[0705/131610.690:WARNING:dns_config_service_win.cc(668)] Failed to read DnsConfig.
[0705/131612.121:WARNING:dns_config_service_win.cc(668)] Failed to read DnsConfig.
[0705/131615.113:WARNING:dns_config_service_win.cc(668)] Failed to read DnsConfig.
[0705/131615.699:WARNING:dns_config_service_win.cc(668)] Failed to read DnsConfig.
[0705/131617.132:WARNING:dns_config_service_win.cc(668)] Failed to read DnsConfig.
[0705/131620.127:WARNING:dns_config_service_win.cc(668)] Failed to read DnsConfig.
[0705/131620.714:WARNING:dns_config_service_win.cc(668)] Failed to read DnsConfig.
[0705/131622.154:WARNING:dns_config_service_win.cc(668)] Failed to read DnsConfig.
[0705/131625.142:WARNING:dns_config_service_win.cc(668)] Failed to read DnsConfig.
[0705/131625.723:WARNING:dns_config_service_win.cc(668)] Failed to read DnsConfig.
[0705/131627.172:WARNING:dns_config_service_win.cc(668)] Failed to read DnsConfig.
[0705/131630.164:WARNING:dns_config_service_win.cc(668)] Failed to read DnsConfig.
[0705/131630.749:WARNING:dns_config_service_win.cc(668)] Failed to read DnsConfig.
[0705/131632.186:WARNING:dns_config_service_win.cc(668)] Failed to read DnsConfig.
[0705/131635.181:WARNING:dns_config_service_win.cc(668)] Failed to read DnsConfig.
[0705/131635.772:WARNING:dns_config_service_win.cc(668)] Failed to read DnsConfig.
[0705/131637.212:WARNING:dns_config_service_win.cc(668)] Failed to read DnsConfig.
[0705/131640.204:WARNING:dns_config_service_win.cc(668)] Failed to read DnsConfig.
[0705/131640.791:WARNING:dns_config_service_win.cc(668)] Failed to read DnsConfig.
[0705/131642.228:WARNING:dns_config_service_win.cc(668)] Failed to read DnsConfig.
[0705/131645.220:WARNING:dns_config_service_win.cc(668)] Failed to read DnsConfig.
[0705/131645.807:WARNING:dns_config_service_win.cc(668)] Failed to read DnsConfig.
[0705/131647.254:WARNING:dns_config_service_win.cc(668)] Failed to read DnsConfig.
[0705/131650.247:WARNING:dns_config_service_win.cc(668)] Failed to read DnsConfig.
[0705/131650.840:WARNING:dns_config_service_win.cc(668)] Failed to read DnsConfig.
[0705/131652.283:WARNING:dns_config_service_win.cc(668)] Failed to read DnsConfig.
[0705/131655.264:WARNING:dns_config_service_win.cc(668)] Failed to read DnsConfig.
[0705/131655.855:WARNING:dns_config_service_win.cc(668)] Failed to read DnsConfig.
[0705/131657.309:WARNING:dns_config_service_win.cc(668)] Failed to read DnsConfig.
[0705/131700.283:WARNING:dns_config_service_win.cc(668)] Failed to read DnsConfig.
[0705/131700.885:WARNING:dns_config_service_win.cc(668)] Failed to read DnsConfig.
[0705/131702.330:WARNING:dns_config_service_win.cc(668)] Failed to read DnsConfig.
[0705/131705.336:WARNING:dns_config_service_win.cc(668)] Failed to read DnsConfig.
[0705/131705.897:WARNING:dns_config_service_win.cc(668)] Failed to read DnsConfig.
[0705/131707.350:WARNING:dns_config_service_win.cc(668)] Failed to read DnsConfig.
[0705/131710.358:WARNING:dns_config_service_win.cc(668)] Failed to read DnsConfig.
[0705/131710.906:WARNING:dns_config_service_win.cc(668)] Failed to read DnsConfig.
[0705/131712.380:WARNING:dns_config_service_win.cc(668)] Failed to read DnsConfig.
[0705/131715.385:WARNING:dns_config_service_win.cc(668)] Failed to read DnsConfig.
[0705/131715.929:WARNING:dns_config_service_win.cc(668)] Failed to read DnsConfig.
[0705/131717.401:WARNING:dns_config_service_win.cc(668)] Failed to read DnsConfig.
[0705/131720.399:WARNING:dns_config_service_win.cc(668)] Failed to read DnsConfig.
[0705/131720.944:WARNING:dns_config_service_win.cc(668)] Failed to read DnsConfig.
[0705/131722.411:WARNING:dns_config_service_win.cc(668)] Failed to read DnsConfig.
[0705/131725.423:WARNING:dns_config_service_win.cc(668)] Failed to read DnsConfig.
[0705/131725.957:WARNING:dns_config_service_win.cc(668)] Failed to read DnsConfig.
[0705/131727.440:WARNING:dns_config_service_win.cc(668)] Failed to read DnsConfig.
[0705/131730.441:WARNING:dns_config_service_win.cc(668)] Failed to read DnsConfig.
[0705/131730.980:WARNING:dns_config_service_win.cc(668)] Failed to read DnsConfig.
[0705/131732.469:WARNING:dns_config_service_win.cc(668)] Failed to read DnsConfig.
[0705/131735.458:WARNING:dns_config_service_win.cc(668)] Failed to read DnsConfig.
[0705/131736.007:WARNING:dns_config_service_win.cc(668)] Failed to read DnsConfig.
[0705/131737.488:WARNING:dns_config_service_win.cc(668)] Failed to read DnsConfig.
[0705/131740.470:WARNING:dns_config_service_win.cc(668)] Failed to read DnsConfig.
[0705/131741.023:WARNING:dns_config_service_win.cc(668)] Failed to read DnsConfig.
[0705/131742.508:WARNING:dns_config_service_win.cc(668)] Failed to read DnsConfig.
[0705/131745.484:WARNING:dns_config_service_win.cc(668)] Failed to read DnsConfig.
[0705/131746.039:WARNING:dns_config_service_win.cc(668)] Failed to read DnsConfig.
[0705/131747.528:WARNING:dns_config_service_win.cc(668)] Failed to read DnsConfig.
[0705/131750.512:WARNING:dns_config_service_win.cc(668)] Failed to read DnsConfig.
[0705/131751.062:WARNING:dns_config_service_win.cc(668)] Failed to read DnsConfig.
[0705/131752.540:WARNING:dns_config_service_win.cc(668)] Failed to read DnsConfig.
[0705/131755.524:WARNING:dns_config_service_win.cc(668)] Failed to read DnsConfig.
[0705/131756.083:WARNING:dns_config_service_win.cc(668)] Failed to read DnsConfig.
[0705/131757.566:WARNING:dns_config_service_win.cc(668)] Failed to read DnsConfig.
[0705/131800.547:WARNING:dns_config_service_win.cc(668)] Failed to read DnsConfig.
[0705/131801.109:WARNING:dns_config_service_win.cc(668)] Failed to read DnsConfig.
[0705/131802.589:WARNING:dns_config_service_win.cc(668)] Failed to read DnsConfig.
[0705/131805.569:WARNING:dns_config_service_win.cc(668)] Failed to read DnsConfig.
[0705/131806.128:WARNING:dns_config_service_win.cc(668)] Failed to read DnsConfig.
[0705/131807.601:WARNING:dns_config_service_win.cc(668)] Failed to read DnsConfig.
[0705/131810.632:WARNING:dns_config_service_win.cc(668)] Failed to read DnsConfig.
[0705/131811.151:WARNING:dns_config_service_win.cc(668)] Failed to read DnsConfig.
[0705/131812.623:WARNING:dns_config_service_win.cc(668)] Failed to read DnsConfig.
[0705/131815.658:WARNING:dns_config_service_win.cc(668)] Failed to read DnsConfig.
[0705/131816.166:WARNING:dns_config_service_win.cc(668)] Failed to read DnsConfig.
[0705/131817.640:WARNING:dns_config_service_win.cc(668)] Failed to read DnsConfig.
[0705/131820.680:WARNING:dns_config_service_win.cc(668)] Failed to read DnsConfig.
[0705/131821.180:WARNING:dns_config_service_win.cc(668)] Failed to read DnsConfig.
[0705/131822.671:WARNING:dns_config_service_win.cc(668)] Failed to read DnsConfig.
[0705/131825.704:WARNING:dns_config_service_win.cc(668)] Failed to read DnsConfig.
[0705/131826.205:WARNING:dns_config_service_win.cc(668)] Failed to read DnsConfig.
[0705/131827.699:WARNING:dns_config_service_win.cc(668)] Failed to read DnsConfig.
[0705/131830.720:WARNING:dns_config_service_win.cc(668)] Failed to read DnsConfig.
[0705/131831.215:WARNING:dns_config_service_win.cc(668)] Failed to read DnsConfig.
[0705/131832.717:WARNING:dns_config_service_win.cc(668)] Failed to read DnsConfig.
[0705/131835.739:WARNING:dns_config_service_win.cc(668)] Failed to read DnsConfig.
[0705/131836.238:WARNING:dns_config_service_win.cc(668)] Failed to read DnsConfig.
[0705/131837.740:WARNING:dns_config_service_win.cc(668)] Failed to read DnsConfig.
[0705/131840.759:WARNING:dns_config_service_win.cc(668)] Failed to read DnsConfig.
[0705/131841.248:WARNING:dns_config_service_win.cc(668)] Failed to read DnsConfig.
[0705/131842.761:WARNING:dns_config_service_win.cc(668)] Failed to read DnsConfig.
[0705/131845.774:WARNING:dns_config_service_win.cc(668)] Failed to read DnsConfig.
[0705/131846.265:WARNING:dns_config_service_win.cc(668)] Failed to read DnsConfig.
[0705/131847.784:WARNING:dns_config_service_win.cc(668)] Failed to read DnsConfig.
[0705/131850.799:WARNING:dns_config_service_win.cc(668)] Failed to read DnsConfig.
[0705/131851.285:WARNING:dns_config_service_win.cc(668)] Failed to read DnsConfig.
[0705/131852.795:WARNING:dns_config_service_win.cc(668)] Failed to read DnsConfig.
[0705/131855.812:WARNING:dns_config_service_win.cc(668)] Failed to read DnsConfig.
[0705/131856.298:WARNING:dns_config_service_win.cc(668)] Failed to read DnsConfig.
[0705/131857.810:WARNING:dns_config_service_win.cc(668)] Failed to read DnsConfig.
[0705/131900.828:WARNING:dns_config_service_win.cc(668)] Failed to read DnsConfig.
[0705/131901.317:WARNING:dns_config_service_win.cc(668)] Failed to read DnsConfig.
[0705/131902.832:WARNING:dns_config_service_win.cc(668)] Failed to read DnsConfig.
[0705/131905.846:WARNING:dns_config_service_win.cc(668)] Failed to read DnsConfig.
[0705/131906.343:WARNING:dns_config_service_win.cc(668)] Failed to read DnsConfig.
[0705/131907.858:WARNING:dns_config_service_win.cc(668)] Failed to read DnsConfig.
[0705/131910.860:WARNING:dns_config_service_win.cc(668)] Failed to read DnsConfig.
[0705/131911.362:WARNING:dns_config_service_win.cc(668)] Failed to read DnsConfig.
[0705/131912.883:WARNING:dns_config_service_win.cc(668)] Failed to read DnsConfig.
[0705/131915.873:WARNING:dns_config_service_win.cc(668)] Failed to read DnsConfig.
[0705/131916.382:WARNING:dns_config_service_win.cc(668)] Failed to read DnsConfig.
[0705/131917.910:WARNING:dns_config_service_win.cc(668)] Failed to read DnsConfig.
[0705/131920.896:WARNING:dns_config_service_win.cc(668)] Failed to read DnsConfig.
[0705/131921.400:WARNING:dns_config_service_win.cc(668)] Failed to read DnsConfig.
[0705/131922.933:WARNING:dns_config_service_win.cc(668)] Failed to read DnsConfig.
[0705/131925.911:WARNING:dns_config_service_win.cc(668)] Failed to read DnsConfig.
[0705/131926.411:WARNING:dns_config_service_win.cc(668)] Failed to read DnsConfig.
[0705/131927.956:WARNING:dns_config_service_win.cc(668)] Failed to read DnsConfig.
[0705/131930.935:WARNING:dns_config_service_win.cc(668)] Failed to read DnsConfig.
[0705/131931.445:WARNING:dns_config_service_win.cc(668)] Failed to read DnsConfig.
[0705/131932.982:WARNING:dns_config_service_win.cc(668)] Failed to read DnsConfig.
[0705/131935.961:WARNING:dns_config_service_win.cc(668)] Failed to read DnsConfig.
[0705/131936.474:WARNING:dns_config_service_win.cc(668)] Failed to read DnsConfig.
[0705/131938.007:WARNING:dns_config_service_win.cc(668)] Failed to read DnsConfig.
[0705/131940.978:WARNING:dns_config_service_win.cc(668)] Failed to read DnsConfig.
[0705/131941.484:WARNING:dns_config_service_win.cc(668)] Failed to read DnsConfig.
[0705/131943.028:WARNING:dns_config_service_win.cc(668)] Failed to read DnsConfig.
[0705/131946.010:WARNING:dns_config_service_win.cc(668)] Failed to read DnsConfig.
[0705/131946.509:WARNING:dns_config_service_win.cc(668)] Failed to read DnsConfig.
[0705/131948.047:WARNING:dns_config_service_win.cc(668)] Failed to read DnsConfig.
[0705/131951.022:WARNING:dns_config_service_win.cc(668)] Failed to read DnsConfig.
[0705/131951.526:WARNING:dns_config_service_win.cc(668)] Failed to read DnsConfig.
[0705/131953.067:WARNING:dns_config_service_win.cc(668)] Failed to read DnsConfig.
[0705/131956.038:WARNING:dns_config_service_win.cc(668)] Failed to read DnsConfig.
[0705/131956.540:WARNING:dns_config_service_win.cc(668)] Failed to read DnsConfig.
[0705/131958.085:WARNING:dns_config_service_win.cc(668)] Failed to read DnsConfig.
[0705/132001.060:WARNING:dns_config_service_win.cc(668)] Failed to read DnsConfig.
[0705/132001.550:WARNING:dns_config_service_win.cc(668)] Failed to read DnsConfig.
[0705/132003.102:WARNING:dns_config_service_win.cc(668)] Failed to read DnsConfig.
[0705/132006.073:WARNING:dns_config_service_win.cc(668)] Failed to read DnsConfig.
[0705/132006.563:WARNING:dns_config_service_win.cc(668)] Failed to read DnsConfig.
[0705/132008.125:WARNING:dns_config_service_win.cc(668)] Failed to read DnsConfig.
[0705/132011.089:WARNING:dns_config_service_win.cc(668)] Failed to read DnsConfig.
[0705/132011.590:WARNING:dns_config_service_win.cc(668)] Failed to read DnsConfig.
[0705/132013.154:WARNING:dns_config_service_win.cc(668)] Failed to read DnsConfig.
[0705/132016.096:WARNING:dns_config_service_win.cc(668)] Failed to read DnsConfig.
[0705/132016.611:WARNING:dns_config_service_win.cc(668)] Failed to read DnsConfig.
[0705/132018.170:WARNING:dns_config_service_win.cc(668)] Failed to read DnsConfig.
[0705/132021.121:WARNING:dns_config_service_win.cc(668)] Failed to read DnsConfig.
[0705/132021.633:WARNING:dns_config_service_win.cc(668)] Failed to read DnsConfig.
[0705/132023.184:WARNING:dns_config_service_win.cc(668)] Failed to read DnsConfig.
[0709/121131.133:ERROR:media_internals.cc(112)] Cannot get RenderProcessHost
[0709/131848.788:INFO:CONSOLE(1)] "Long rAF frame-time", source: file:///C:/Program%20Files/Adobe/Adobe%20Photoshop%202020/Required/www-rich-tooltips/build/external.js (1)
[0709/131848.795:ERROR:mf_helpers.cc(14)] Error in dxva_video_decode_accelerator_win.cc on line 1612
[0709/131848.797:ERROR:mf_helpers.cc(14)] Error in dxva_video_decode_accelerator_win.cc on line 842
[0709/131848.895:WARNING:angle_platform_impl.cc(52)] compileToBinary(230): 
C:\fakepath(69,8-58): warning X3571: pow(f, e) will not work for negative f, use abs(f) or conditionally handle negative values if you expect them
C:\fakepath(77,9-43): warning X3571: pow(f, e) will not work for negative f, use abs(f) or conditionally handle negative values if you expect them

[0709/171147.847:WARNING:dns_config_service_win.cc(668)] Failed to read DnsConfig.
[0709/171151.835:WARNING:dns_config_service_win.cc(668)] Failed to read DnsConfig.
[0709/171152.519:WARNING:dns_config_service_win.cc(668)] Failed to read DnsConfig.
[0709/171153.963:WARNING:dns_config_service_win.cc(668)] Failed to read DnsConfig.
[0709/171156.873:WARNING:dns_config_service_win.cc(668)] Failed to read DnsConfig.
[0709/171157.569:WARNING:dns_config_service_win.cc(668)] Failed to read DnsConfig.
[0709/171158.981:WARNING:dns_config_service_win.cc(668)] Failed to read DnsConfig.
[0709/171201.889:WARNING:dns_config_service_win.cc(668)] Failed to read DnsConfig.
[0709/171202.588:WARNING:dns_config_service_win.cc(668)] Failed to read DnsConfig.
[0709/183901.348:WARNING:dns_config_service_win.cc(668)] Failed to read DnsConfig.
[0709/183906.356:WARNING:dns_config_service_win.cc(668)] Failed to read DnsConfig.
[0709/183911.369:WARNING:dns_config_service_win.cc(668)] Failed to read DnsConfig.
[0709/183916.386:WARNING:dns_config_service_win.cc(668)] Failed to read DnsConfig.
[0709/183921.396:WARNING:dns_config_service_win.cc(668)] Failed to read DnsConfig.
[0709/183926.412:WARNING:dns_config_service_win.cc(668)] Failed to read DnsConfig.
[0709/183931.427:WARNING:dns_config_service_win.cc(668)] Failed to read DnsConfig.
[0709/183936.436:WARNING:dns_config_service_win.cc(668)] Failed to read DnsConfig.
[0709/183941.449:WARNING:dns_config_service_win.cc(668)] Failed to read DnsConfig.
[0709/183946.466:WARNING:dns_config_service_win.cc(668)] Failed to read DnsConfig.
[0709/183951.478:WARNING:dns_config_service_win.cc(668)] Failed to read DnsConfig.
[0709/183956.488:WARNING:dns_config_service_win.cc(668)] Failed to read DnsConfig.
[0709/184001.508:WARNING:dns_config_service_win.cc(668)] Failed to read DnsConfig.
[0709/184006.518:WARNING:dns_config_service_win.cc(668)] Failed to read DnsConfig.
[0709/184011.537:WARNING:dns_config_service_win.cc(668)] Failed to read DnsConfig.
[0709/184016.554:WARNING:dns_config_service_win.cc(668)] Failed to read DnsConfig.
[0709/184021.570:WARNING:dns_config_service_win.cc(668)] Failed to read DnsConfig.
[0709/184026.579:WARNING:dns_config_service_win.cc(668)] Failed to read DnsConfig.
[0709/184031.594:WARNING:dns_config_service_win.cc(668)] Failed to read DnsConfig.
[0709/184036.613:WARNING:dns_config_service_win.cc(668)] Failed to read DnsConfig.
[0709/184041.640:WARNING:dns_config_service_win.cc(668)] Failed to read DnsConfig.
[0709/184046.663:WARNING:dns_config_service_win.cc(668)] Failed to read DnsConfig.
[0709/184051.677:WARNING:dns_config_service_win.cc(668)] Failed to read DnsConfig.
[0709/184056.706:WARNING:dns_config_service_win.cc(668)] Failed to read DnsConfig.
[0709/184101.719:WARNING:dns_config_service_win.cc(668)] Failed to read DnsConfig.
[0709/184106.996:WARNING:dns_config_service_win.cc(668)] Failed to read DnsConfig.
[0709/184112.016:WARNING:dns_config_service_win.cc(668)] Failed to read DnsConfig.
[0709/184117.040:WARNING:dns_config_service_win.cc(668)] Failed to read DnsConfig.
[0709/184122.053:WARNING:dns_config_service_win.cc(668)] Failed to read DnsConfig.
[0709/184127.082:WARNING:dns_config_service_win.cc(668)] Failed to read DnsConfig.
[0709/184132.107:WARNING:dns_config_service_win.cc(668)] Failed to read DnsConfig.
[0709/184137.122:WARNING:dns_config_service_win.cc(668)] Failed to read DnsConfig.
[0709/184142.140:WARNING:dns_config_service_win.cc(668)] Failed to read DnsConfig.
[0709/184147.156:WARNING:dns_config_service_win.cc(668)] Failed to read DnsConfig.
[0709/185428.457:WARNING:dns_config_service_win.cc(668)] Failed to read DnsConfig.
[0709/195122.898:WARNING:dns_config_service_win.cc(668)] Failed to read DnsConfig.
[0709/195127.920:WARNING:dns_config_service_win.cc(668)] Failed to read DnsConfig.
[0709/195132.936:WARNING:dns_config_service_win.cc(668)] Failed to read DnsConfig.
[0709/195137.948:WARNING:dns_config_service_win.cc(668)] Failed to read DnsConfig.
[0709/195142.957:WARNING:dns_config_service_win.cc(668)] Failed to read DnsConfig.
[0709/195147.971:WARNING:dns_config_service_win.cc(668)] Failed to read DnsConfig.
[0709/195152.980:WARNING:dns_config_service_win.cc(668)] Failed to read DnsConfig.
[0709/195157.984:WARNING:dns_config_service_win.cc(668)] Failed to read DnsConfig.
[0709/195202.994:WARNING:dns_config_service_win.cc(668)] Failed to read DnsConfig.
[0709/195208.012:WARNING:dns_config_service_win.cc(668)] Failed to read DnsConfig.
[0709/195213.025:WARNING:dns_config_service_win.cc(668)] Failed to read DnsConfig.
[0709/195218.037:WARNING:dns_config_service_win.cc(668)] Failed to read DnsConfig.
[0709/195223.056:WARNING:dns_config_service_win.cc(668)] Failed to read DnsConfig.
[0709/195228.061:WARNING:dns_config_service_win.cc(668)] Failed to read DnsConfig.
[0709/195233.080:WARNING:dns_config_service_win.cc(668)] Failed to read DnsConfig.
[0709/195238.089:WARNING:dns_config_service_win.cc(668)] Failed to read DnsConfig.
[0709/195243.107:WARNING:dns_config_service_win.cc(668)] Failed to read DnsConfig.
[0709/195248.114:WARNING:dns_config_service_win.cc(668)] Failed to read DnsConfig.
[0709/195253.127:WARNING:dns_config_service_win.cc(668)] Failed to read DnsConfig.
[0709/195258.136:WARNING:dns_config_service_win.cc(668)] Failed to read DnsConfig.
[0709/195303.144:WARNING:dns_config_service_win.cc(668)] Failed to read DnsConfig.
[0709/195308.152:WARNING:dns_config_service_win.cc(668)] Failed to read DnsConfig.
[0709/195313.158:WARNING:dns_config_service_win.cc(668)] Failed to read DnsConfig.
[0709/195318.174:WARNING:dns_config_service_win.cc(668)] Failed to read DnsConfig.
[0709/195323.184:WARNING:dns_config_service_win.cc(668)] Failed to read DnsConfig.
[0709/195328.194:WARNING:dns_config_service_win.cc(668)] Failed to read DnsConfig.
[0709/195333.211:WARNING:dns_config_service_win.cc(668)] Failed to read DnsConfig.
[0709/195338.228:WARNING:dns_config_service_win.cc(668)] Failed to read DnsConfig.
[0709/195343.234:WARNING:dns_config_service_win.cc(668)] Failed to read DnsConfig.
[0709/195348.243:WARNING:dns_config_service_win.cc(668)] Failed to read DnsConfig.
[0709/195353.253:WARNING:dns_config_service_win.cc(668)] Failed to read DnsConfig.
[0709/195358.258:WARNING:dns_config_service_win.cc(668)] Failed to read DnsConfig.
[0709/195403.272:WARNING:dns_config_service_win.cc(668)] Failed to read DnsConfig.
[0709/195408.281:WARNING:dns_config_service_win.cc(668)] Failed to read DnsConfig.
[0709/195413.294:WARNING:dns_config_service_win.cc(668)] Failed to read DnsConfig.
[0709/195418.302:WARNING:dns_config_service_win.cc(668)] Failed to read DnsConfig.
[0709/195423.306:WARNING:dns_config_service_win.cc(668)] Failed to read DnsConfig.
[0709/195428.325:WARNING:dns_config_service_win.cc(668)] Failed to read DnsConfig.
[0709/195433.337:WARNING:dns_config_service_win.cc(668)] Failed to read DnsConfig.
[0709/195438.356:WARNING:dns_config_service_win.cc(668)] Failed to read DnsConfig.
[0709/195443.376:WARNING:dns_config_service_win.cc(668)] Failed to read DnsConfig.
[0709/195448.382:WARNING:dns_config_service_win.cc(668)] Failed to read DnsConfig.
[0709/195453.391:WARNING:dns_config_service_win.cc(668)] Failed to read DnsConfig.
[0709/195458.400:WARNING:dns_config_service_win.cc(668)] Failed to read DnsConfig.
[0709/195503.407:WARNING:dns_config_service_win.cc(668)] Failed to read DnsConfig.
[0709/195508.422:WARNING:dns_config_service_win.cc(668)] Failed to read DnsConfig.
[0709/195513.434:WARNING:dns_config_service_win.cc(668)] Failed to read DnsConfig.
[0709/195518.446:WARNING:dns_config_service_win.cc(668)] Failed to read DnsConfig.
[0709/195523.450:WARNING:dns_config_service_win.cc(668)] Failed to read DnsConfig.
[0709/195528.461:WARNING:dns_config_service_win.cc(668)] Failed to read DnsConfig.
[0709/195533.474:WARNING:dns_config_service_win.cc(668)] Failed to read DnsConfig.
[0709/195538.493:WARNING:dns_config_service_win.cc(668)] Failed to read DnsConfig.
[0709/195543.499:WARNING:dns_config_service_win.cc(668)] Failed to read DnsConfig.
[0709/195548.506:WARNING:dns_config_service_win.cc(668)] Failed to read DnsConfig.
[0709/195553.520:WARNING:dns_config_service_win.cc(668)] Failed to read DnsConfig.
[0709/195558.529:WARNING:dns_config_service_win.cc(668)] Failed to read DnsConfig.
[0709/195603.536:WARNING:dns_config_service_win.cc(668)] Failed to read DnsConfig.
[0709/195608.544:WARNING:dns_config_service_win.cc(668)] Failed to read DnsConfig.
[0709/195613.559:WARNING:dns_config_service_win.cc(668)] Failed to read DnsConfig.
[0709/195618.577:WARNING:dns_config_service_win.cc(668)] Failed to read DnsConfig.
[0709/195623.583:WARNING:dns_config_service_win.cc(668)] Failed to read DnsConfig.
[0709/195628.588:WARNING:dns_config_service_win.cc(668)] Failed to read DnsConfig.
[0709/195633.595:WARNING:dns_config_service_win.cc(668)] Failed to read DnsConfig.
[0709/195638.613:WARNING:dns_config_service_win.cc(668)] Failed to read DnsConfig.
[0709/195643.630:WARNING:dns_config_service_win.cc(668)] Failed to read DnsConfig.
[0709/195648.639:WARNING:dns_config_service_win.cc(668)] Failed to read DnsConfig.
[0709/195653.655:WARNING:dns_config_service_win.cc(668)] Failed to read DnsConfig.
[0709/195658.662:WARNING:dns_config_service_win.cc(668)] Failed to read DnsConfig.
[0709/195703.678:WARNING:dns_config_service_win.cc(668)] Failed to read DnsConfig.
[0709/195708.684:WARNING:dns_config_service_win.cc(668)] Failed to read DnsConfig.
[0709/195713.691:WARNING:dns_config_service_win.cc(668)] Failed to read DnsConfig.
[0709/195718.697:WARNING:dns_config_service_win.cc(668)] Failed to read DnsConfig.
[0709/195723.714:WARNING:dns_config_service_win.cc(668)] Failed to read DnsConfig.
[0709/195728.733:WARNING:dns_config_service_win.cc(668)] Failed to read DnsConfig.
[0709/195733.752:WARNING:dns_config_service_win.cc(668)] Failed to read DnsConfig.
[0709/195738.767:WARNING:dns_config_service_win.cc(668)] Failed to read DnsConfig.
[0709/195743.775:WARNING:dns_config_service_win.cc(668)] Failed to read DnsConfig.
[0709/195748.782:WARNING:dns_config_service_win.cc(668)] Failed to read DnsConfig.
[0709/195753.791:WARNING:dns_config_service_win.cc(668)] Failed to read DnsConfig.
[0709/195758.808:WARNING:dns_config_service_win.cc(668)] Failed to read DnsConfig.
[0709/195803.815:WARNING:dns_config_service_win.cc(668)] Failed to read DnsConfig.
[0709/195808.823:WARNING:dns_config_service_win.cc(668)] Failed to read DnsConfig.
[0709/195813.834:WARNING:dns_config_service_win.cc(668)] Failed to read DnsConfig.
[0709/195818.840:WARNING:dns_config_service_win.cc(668)] Failed to read DnsConfig.
[0709/195823.846:WARNING:dns_config_service_win.cc(668)] Failed to read DnsConfig.
[0709/195828.853:WARNING:dns_config_service_win.cc(668)] Failed to read DnsConfig.
[0709/195833.875:WARNING:dns_config_service_win.cc(668)] Failed to read DnsConfig.
[0709/195838.890:WARNING:dns_config_service_win.cc(668)] Failed to read DnsConfig.
[0709/195843.907:WARNING:dns_config_service_win.cc(668)] Failed to read DnsConfig.
[0709/195848.918:WARNING:dns_config_service_win.cc(668)] Failed to read DnsConfig.
[0709/195853.930:WARNING:dns_config_service_win.cc(668)] Failed to read DnsConfig.
[0709/195858.940:WARNING:dns_config_service_win.cc(668)] Failed to read DnsConfig.
[0709/195903.953:WARNING:dns_config_service_win.cc(668)] Failed to read DnsConfig.
[0709/195908.965:WARNING:dns_config_service_win.cc(668)] Failed to read DnsConfig.
[0709/195913.978:WARNING:dns_config_service_win.cc(668)] Failed to read DnsConfig.
[0709/195918.995:WARNING:dns_config_service_win.cc(668)] Failed to read DnsConfig.
[0709/195924.010:WARNING:dns_config_service_win.cc(668)] Failed to read DnsConfig.
[0709/195929.034:WARNING:dns_config_service_win.cc(668)] Failed to read DnsConfig.
[0709/195934.041:WARNING:dns_config_service_win.cc(668)] Failed to read DnsConfig.
[0709/195939.048:WARNING:dns_config_service_win.cc(668)] Failed to read DnsConfig.
[0709/195944.063:WARNING:dns_config_service_win.cc(668)] Failed to read DnsConfig.
[0709/195949.082:WARNING:dns_config_service_win.cc(668)] Failed to read DnsConfig.
[0709/195954.099:WARNING:dns_config_service_win.cc(668)] Failed to read DnsConfig.
[0709/195959.114:WARNING:dns_config_service_win.cc(668)] Failed to read DnsConfig.
[0709/200004.133:WARNING:dns_config_service_win.cc(668)] Failed to read DnsConfig.
[0709/200009.147:WARNING:dns_config_service_win.cc(668)] Failed to read DnsConfig.
[0709/200014.159:WARNING:dns_config_service_win.cc(668)] Failed to read DnsConfig.
[0709/200019.168:WARNING:dns_config_service_win.cc(668)] Failed to read DnsConfig.
[0709/200024.180:WARNING:dns_config_service_win.cc(668)] Failed to read DnsConfig.
[0709/200029.194:WARNING:dns_config_service_win.cc(668)] Failed to read DnsConfig.
[0709/200034.212:WARNING:dns_config_service_win.cc(668)] Failed to read DnsConfig.
[0709/200039.224:WARNING:dns_config_service_win.cc(668)] Failed to read DnsConfig.
[0709/200044.237:WARNING:dns_config_service_win.cc(668)] Failed to read DnsConfig.
[0709/200049.254:WARNING:dns_config_service_win.cc(668)] Failed to read DnsConfig.
[0709/200054.259:WARNING:dns_config_service_win.cc(668)] Failed to read DnsConfig.
[0709/200059.268:WARNING:dns_config_service_win.cc(668)] Failed to read DnsConfig.
[0709/200104.287:WARNING:dns_config_service_win.cc(668)] Failed to read DnsConfig.
[0709/200109.303:WARNING:dns_config_service_win.cc(668)] Failed to read DnsConfig.
[0709/200114.318:WARNING:dns_config_service_win.cc(668)] Failed to read DnsConfig.
[0709/200119.331:WARNING:dns_config_service_win.cc(668)] Failed to read DnsConfig.
[0709/200124.344:WARNING:dns_config_service_win.cc(668)] Failed to read DnsConfig.
[0709/200129.361:WARNING:dns_config_service_win.cc(668)] Failed to read DnsConfig.
[0709/200134.372:WARNING:dns_config_service_win.cc(668)] Failed to read DnsConfig.
[0709/200139.390:WARNING:dns_config_service_win.cc(668)] Failed to read DnsConfig.
[0709/200144.406:WARNING:dns_config_service_win.cc(668)] Failed to read DnsConfig.
[0709/200149.421:WARNING:dns_config_service_win.cc(668)] Failed to read DnsConfig.
[0709/200154.431:WARNING:dns_config_service_win.cc(668)] Failed to read DnsConfig.
[0709/200159.449:WARNING:dns_config_service_win.cc(668)] Failed to read DnsConfig.
[0709/200204.459:WARNING:dns_config_service_win.cc(668)] Failed to read DnsConfig.
[0709/200209.472:WARNING:dns_config_service_win.cc(668)] Failed to read DnsConfig.
[0709/200214.476:WARNING:dns_config_service_win.cc(668)] Failed to read DnsConfig.
[0709/200219.495:WARNING:dns_config_service_win.cc(668)] Failed to read DnsConfig.
[0709/200224.508:WARNING:dns_config_service_win.cc(668)] Failed to read DnsConfig.
[0709/200229.526:WARNING:dns_config_service_win.cc(668)] Failed to read DnsConfig.
[0709/200234.536:WARNING:dns_config_service_win.cc(668)] Failed to read DnsConfig.
[0709/200239.551:WARNING:dns_config_service_win.cc(668)] Failed to read DnsConfig.
[0709/200244.564:WARNING:dns_config_service_win.cc(668)] Failed to read DnsConfig.
[0709/200249.577:WARNING:dns_config_service_win.cc(668)] Failed to read DnsConfig.
[0709/200254.589:WARNING:dns_config_service_win.cc(668)] Failed to read DnsConfig.
[0709/200259.603:WARNING:dns_config_service_win.cc(668)] Failed to read DnsConfig.
[0709/200304.618:WARNING:dns_config_service_win.cc(668)] Failed to read DnsConfig.
[0709/200309.629:WARNING:dns_config_service_win.cc(668)] Failed to read DnsConfig.
[0709/200314.637:WARNING:dns_config_service_win.cc(668)] Failed to read DnsConfig.
[0709/200319.656:WARNING:dns_config_service_win.cc(668)] Failed to read DnsConfig.
[0709/200324.662:WARNING:dns_config_service_win.cc(668)] Failed to read DnsConfig.
[0709/200329.677:WARNING:dns_config_service_win.cc(668)] Failed to read DnsConfig.
[0709/200334.696:WARNING:dns_config_service_win.cc(668)] Failed to read DnsConfig.
[0709/200339.707:WARNING:dns_config_service_win.cc(668)] Failed to read DnsConfig.
[0709/200344.722:WARNING:dns_config_service_win.cc(668)] Failed to read DnsConfig.
[0709/200349.740:WARNING:dns_config_service_win.cc(668)] Failed to read DnsConfig.
[0709/200354.758:WARNING:dns_config_service_win.cc(668)] Failed to read DnsConfig.
[0709/200359.777:WARNING:dns_config_service_win.cc(668)] Failed to read DnsConfig.
[0709/200404.782:WARNING:dns_config_service_win.cc(668)] Failed to read DnsConfig.
[0709/200409.789:WARNING:dns_config_service_win.cc(668)] Failed to read DnsConfig.
[0709/200414.805:WARNING:dns_config_service_win.cc(668)] Failed to read DnsConfig.
[0709/200419.821:WARNING:dns_config_service_win.cc(668)] Failed to read DnsConfig.
[0709/200424.839:WARNING:dns_config_service_win.cc(668)] Failed to read DnsConfig.
[0709/200429.853:WARNING:dns_config_service_win.cc(668)] Failed to read DnsConfig.
[0709/200434.871:WARNING:dns_config_service_win.cc(668)] Failed to read DnsConfig.
[0709/200439.891:WARNING:dns_config_service_win.cc(668)] Failed to read DnsConfig.
[0709/200444.897:WARNING:dns_config_service_win.cc(668)] Failed to read DnsConfig.
[0709/200449.914:WARNING:dns_config_service_win.cc(668)] Failed to read DnsConfig.
[0709/200454.925:WARNING:dns_config_service_win.cc(668)] Failed to read DnsConfig.
[0709/200459.933:WARNING:dns_config_service_win.cc(668)] Failed to read DnsConfig.
[0709/200504.948:WARNING:dns_config_service_win.cc(668)] Failed to read DnsConfig.
[0709/200509.956:WARNING:dns_config_service_win.cc(668)] Failed to read DnsConfig.
[0709/200514.964:WARNING:dns_config_service_win.cc(668)] Failed to read DnsConfig.
[0709/200519.983:WARNING:dns_config_service_win.cc(668)] Failed to read DnsConfig.
[0709/200524.992:WARNING:dns_config_service_win.cc(668)] Failed to read DnsConfig.
[0709/200529.997:WARNING:dns_config_service_win.cc(668)] Failed to read DnsConfig.
[0709/200535.009:WARNING:dns_config_service_win.cc(668)] Failed to read DnsConfig.
[0709/200540.027:WARNING:dns_config_service_win.cc(668)] Failed to read DnsConfig.
[0709/200545.043:WARNING:dns_config_service_win.cc(668)] Failed to read DnsConfig.
[0709/200550.053:WARNING:dns_config_service_win.cc(668)] Failed to read DnsConfig.
[0709/200555.061:WARNING:dns_config_service_win.cc(668)] Failed to read DnsConfig.
[0709/200600.081:WARNING:dns_config_service_win.cc(668)] Failed to read DnsConfig.
[0709/200605.096:WARNING:dns_config_service_win.cc(668)] Failed to read DnsConfig.
[0709/200610.108:WARNING:dns_config_service_win.cc(668)] Failed to read DnsConfig.
[0709/200615.112:WARNING:dns_config_service_win.cc(668)] Failed to read DnsConfig.
[0709/200620.118:WARNING:dns_config_service_win.cc(668)] Failed to read DnsConfig.
[0709/200625.135:WARNING:dns_config_service_win.cc(668)] Failed to read DnsConfig.
[0709/200630.148:WARNING:dns_config_service_win.cc(668)] Failed to read DnsConfig.
[0709/200635.157:WARNING:dns_config_service_win.cc(668)] Failed to read DnsConfig.
[0709/200640.164:WARNING:dns_config_service_win.cc(668)] Failed to read DnsConfig.
[0709/200645.173:WARNING:dns_config_service_win.cc(668)] Failed to read DnsConfig.
[0709/200650.179:WARNING:dns_config_service_win.cc(668)] Failed to read DnsConfig.
[0709/200655.191:WARNING:dns_config_service_win.cc(668)] Failed to read DnsConfig.
[0709/200700.201:WARNING:dns_config_service_win.cc(668)] Failed to read DnsConfig.
[0709/200705.215:WARNING:dns_config_service_win.cc(668)] Failed to read DnsConfig.
[0709/200710.227:WARNING:dns_config_service_win.cc(668)] Failed to read DnsConfig.
[0709/200715.236:WARNING:dns_config_service_win.cc(668)] Failed to read DnsConfig.
[0709/200720.251:WARNING:dns_config_service_win.cc(668)] Failed to read DnsConfig.
[0709/200725.255:WARNING:dns_config_service_win.cc(668)] Failed to read DnsConfig.
[0709/200730.267:WARNING:dns_config_service_win.cc(668)] Failed to read DnsConfig.
[0709/200735.279:WARNING:dns_config_service_win.cc(668)] Failed to read DnsConfig.
[0709/200740.298:WARNING:dns_config_service_win.cc(668)] Failed to read DnsConfig.
[0709/200745.312:WARNING:dns_config_service_win.cc(668)] Failed to read DnsConfig.
[0709/200750.328:WARNING:dns_config_service_win.cc(668)] Failed to read DnsConfig.
[0709/200755.340:WARNING:dns_config_service_win.cc(668)] Failed to read DnsConfig.
[0709/200800.356:WARNING:dns_config_service_win.cc(668)] Failed to read DnsConfig.
[0709/200805.368:WARNING:dns_config_service_win.cc(668)] Failed to read DnsConfig.
[0709/200810.383:WARNING:dns_config_service_win.cc(668)] Failed to read DnsConfig.
[0709/200815.389:WARNING:dns_config_service_win.cc(668)] Failed to read DnsConfig.
[0709/200820.407:WARNING:dns_config_service_win.cc(668)] Failed to read DnsConfig.
[0709/200825.418:WARNING:dns_config_service_win.cc(668)] Failed to read DnsConfig.
[0709/200830.431:WARNING:dns_config_service_win.cc(668)] Failed to read DnsConfig.
[0709/200835.440:WARNING:dns_config_service_win.cc(668)] Failed to read DnsConfig.
[0709/200840.458:WARNING:dns_config_service_win.cc(668)] Failed to read DnsConfig.
[0709/200845.469:WARNING:dns_config_service_win.cc(668)] Failed to read DnsConfig.
[0709/200850.487:WARNING:dns_config_service_win.cc(668)] Failed to read DnsConfig.
[0709/200855.501:WARNING:dns_config_service_win.cc(668)] Failed to read DnsConfig.
[0709/200900.517:WARNING:dns_config_service_win.cc(668)] Failed to read DnsConfig.
[0709/200905.531:WARNING:dns_config_service_win.cc(668)] Failed to read DnsConfig.
[0709/200910.545:WARNING:dns_config_service_win.cc(668)] Failed to read DnsConfig.
[0709/200915.550:WARNING:dns_config_service_win.cc(668)] Failed to read DnsConfig.
[0709/200920.569:WARNING:dns_config_service_win.cc(668)] Failed to read DnsConfig.
[0709/200925.582:WARNING:dns_config_service_win.cc(668)] Failed to read DnsConfig.
[0709/200930.597:WARNING:dns_config_service_win.cc(668)] Failed to read DnsConfig.
[0709/200935.616:WARNING:dns_config_service_win.cc(668)] Failed to read DnsConfig.
[0709/200940.622:WARNING:dns_config_service_win.cc(668)] Failed to read DnsConfig.
[0709/200945.628:WARNING:dns_config_service_win.cc(668)] Failed to read DnsConfig.
[0709/200950.637:WARNING:dns_config_service_win.cc(668)] Failed to read DnsConfig.
[0709/200955.642:WARNING:dns_config_service_win.cc(668)] Failed to read DnsConfig.
[0709/201000.648:WARNING:dns_config_service_win.cc(668)] Failed to read DnsConfig.
[0709/201005.659:WARNING:dns_config_service_win.cc(668)] Failed to read DnsConfig.
[0709/201010.676:WARNING:dns_config_service_win.cc(668)] Failed to read DnsConfig.
[0709/201015.684:WARNING:dns_config_service_win.cc(668)] Failed to read DnsConfig.
[0709/201020.699:WARNING:dns_config_service_win.cc(668)] Failed to read DnsConfig.
[0709/201025.710:WARNING:dns_config_service_win.cc(668)] Failed to read DnsConfig.
[0709/201030.726:WARNING:dns_config_service_win.cc(668)] Failed to read DnsConfig.
[0709/201035.739:WARNING:dns_config_service_win.cc(668)] Failed to read DnsConfig.
[0709/201040.754:WARNING:dns_config_service_win.cc(668)] Failed to read DnsConfig.
[0709/201045.773:WARNING:dns_config_service_win.cc(668)] Failed to read DnsConfig.
[0709/201050.781:WARNING:dns_config_service_win.cc(668)] Failed to read DnsConfig.
[0709/201055.794:WARNING:dns_config_service_win.cc(668)] Failed to read DnsConfig.
[0709/201100.812:WARNING:dns_config_service_win.cc(668)] Failed to read DnsConfig.
[0709/201105.831:WARNING:dns_config_service_win.cc(668)] Failed to read DnsConfig.
[0709/201110.839:WARNING:dns_config_service_win.cc(668)] Failed to read DnsConfig.
[0709/201115.848:WARNING:dns_config_service_win.cc(668)] Failed to read DnsConfig.
[0709/201120.866:WARNING:dns_config_service_win.cc(668)] Failed to read DnsConfig.
[0709/201125.877:WARNING:dns_config_service_win.cc(668)] Failed to read DnsConfig.
[0709/201130.885:WARNING:dns_config_service_win.cc(668)] Failed to read DnsConfig.
[0709/201135.902:WARNING:dns_config_service_win.cc(668)] Failed to read DnsConfig.
[0709/201140.920:WARNING:dns_config_service_win.cc(668)] Failed to read DnsConfig.
[0709/201145.925:WARNING:dns_config_service_win.cc(668)] Failed to read DnsConfig.
[0709/201150.932:WARNING:dns_config_service_win.cc(668)] Failed to read DnsConfig.
[0709/201155.940:WARNING:dns_config_service_win.cc(668)] Failed to read DnsConfig.
[0709/201200.949:WARNING:dns_config_service_win.cc(668)] Failed to read DnsConfig.
[0709/201205.960:WARNING:dns_config_service_win.cc(668)] Failed to read DnsConfig.
[0709/201210.973:WARNING:dns_config_service_win.cc(668)] Failed to read DnsConfig.
[0709/201215.977:WARNING:dns_config_service_win.cc(668)] Failed to read DnsConfig.
[0709/201220.983:WARNING:dns_config_service_win.cc(668)] Failed to read DnsConfig.
[0709/201225.989:WARNING:dns_config_service_win.cc(668)] Failed to read DnsConfig.
[0709/201230.998:WARNING:dns_config_service_win.cc(668)] Failed to read DnsConfig.
[0709/201236.014:WARNING:dns_config_service_win.cc(668)] Failed to read DnsConfig.
[0709/201241.038:WARNING:dns_config_service_win.cc(668)] Failed to read DnsConfig.
[0709/201246.057:WARNING:dns_config_service_win.cc(668)] Failed to read DnsConfig.
[0709/201251.073:WARNING:dns_config_service_win.cc(668)] Failed to read DnsConfig.
[0709/201256.090:WARNING:dns_config_service_win.cc(668)] Failed to read DnsConfig.
[0709/201301.106:WARNING:dns_config_service_win.cc(668)] Failed to read DnsConfig.
[0709/201306.119:WARNING:dns_config_service_win.cc(668)] Failed to read DnsConfig.
[0709/201311.134:WARNING:dns_config_service_win.cc(668)] Failed to read DnsConfig.
[0709/201316.149:WARNING:dns_config_service_win.cc(668)] Failed to read DnsConfig.
[0709/201321.158:WARNING:dns_config_service_win.cc(668)] Failed to read DnsConfig.
[0709/201326.169:WARNING:dns_config_service_win.cc(668)] Failed to read DnsConfig.
[0709/201331.173:WARNING:dns_config_service_win.cc(668)] Failed to read DnsConfig.
[0709/201336.192:WARNING:dns_config_service_win.cc(668)] Failed to read DnsConfig.
[0709/201341.205:WARNING:dns_config_service_win.cc(668)] Failed to read DnsConfig.
[0709/201346.216:WARNING:dns_config_service_win.cc(668)] Failed to read DnsConfig.
[0709/201351.230:WARNING:dns_config_service_win.cc(668)] Failed to read DnsConfig.
[0709/201356.249:WARNING:dns_config_service_win.cc(668)] Failed to read DnsConfig.
[0709/201401.264:WARNING:dns_config_service_win.cc(668)] Failed to read DnsConfig.
[0709/201406.280:WARNING:dns_config_service_win.cc(668)] Failed to read DnsConfig.
[0709/201411.291:WARNING:dns_config_service_win.cc(668)] Failed to read DnsConfig.
[0709/201416.302:WARNING:dns_config_service_win.cc(668)] Failed to read DnsConfig.
[0709/201421.308:WARNING:dns_config_service_win.cc(668)] Failed to read DnsConfig.
[0709/201426.321:WARNING:dns_config_service_win.cc(668)] Failed to read DnsConfig.
[0709/201431.330:WARNING:dns_config_service_win.cc(668)] Failed to read DnsConfig.
[0709/201436.343:WARNING:dns_config_service_win.cc(668)] Failed to read DnsConfig.
[0709/201441.354:WARNING:dns_config_service_win.cc(668)] Failed to read DnsConfig.
[0709/201446.365:WARNING:dns_config_service_win.cc(668)] Failed to read DnsConfig.
[0709/201451.382:WARNING:dns_config_service_win.cc(668)] Failed to read DnsConfig.
[0709/201456.403:WARNING:dns_config_service_win.cc(668)] Failed to read DnsConfig.
[0709/202357.191:ERROR:mf_helpers.cc(14)] Error in dxva_video_decode_accelerator_win.cc on line 1612
[0709/202357.193:ERROR:mf_helpers.cc(14)] Error in dxva_video_decode_accelerator_win.cc on line 842
[0709/202424.874:ERROR:mf_helpers.cc(14)] Error in dxva_video_decode_accelerator_win.cc on line 1612
[0709/202424.874:ERROR:mf_helpers.cc(14)] Error in dxva_video_decode_accelerator_win.cc on line 842
[0709/202431.439:ERROR:mf_helpers.cc(14)] Error in dxva_video_decode_accelerator_win.cc on line 1612
[0709/202431.439:ERROR:mf_helpers.cc(14)] Error in dxva_video_decode_accelerator_win.cc on line 842
[0709/202432.069:ERROR:mf_helpers.cc(14)] Error in dxva_video_decode_accelerator_win.cc on line 1612
[0709/202432.069:ERROR:mf_helpers.cc(14)] Error in dxva_video_decode_accelerator_win.cc on line 842
[0709/202432.374:ERROR:mf_helpers.cc(14)] Error in dxva_video_decode_accelerator_win.cc on line 1612
[0709/202432.374:ERROR:mf_helpers.cc(14)] Error in dxva_video_decode_accelerator_win.cc on line 842
[0709/202433.002:ERROR:mf_helpers.cc(14)] Error in dxva_video_decode_accelerator_win.cc on line 1612
[0709/202433.002:ERROR:mf_helpers.cc(14)] Error in dxva_video_decode_accelerator_win.cc on line 842
[0709/202434.245:ERROR:mf_helpers.cc(14)] Error in dxva_video_decode_accelerator_win.cc on line 1612
[0709/202434.245:ERROR:mf_helpers.cc(14)] Error in dxva_video_decode_accelerator_win.cc on line 842
[0709/202558.700:ERROR:mf_helpers.cc(14)] Error in dxva_video_decode_accelerator_win.cc on line 1612
[0709/202558.701:ERROR:mf_helpers.cc(14)] Error in dxva_video_decode_accelerator_win.cc on line 842
[0709/202600.278:ERROR:mf_helpers.cc(14)] Error in dxva_video_decode_accelerator_win.cc on line 1612
[0709/202600.278:ERROR:mf_helpers.cc(14)] Error in dxva_video_decode_accelerator_win.cc on line 842
[0709/202602.455:ERROR:mf_helpers.cc(14)] Error in dxva_video_decode_accelerator_win.cc on line 1612
[0709/202602.455:ERROR:mf_helpers.cc(14)] Error in dxva_video_decode_accelerator_win.cc on line 842
[0709/202609.570:ERROR:mf_helpers.cc(14)] Error in dxva_video_decode_accelerator_win.cc on line 1612
[0709/202609.571:ERROR:mf_helpers.cc(14)] Error in dxva_video_decode_accelerator_win.cc on line 842
[0709/202647.692:ERROR:mf_helpers.cc(14)] Error in dxva_video_decode_accelerator_win.cc on line 1612
[0709/202647.692:ERROR:mf_helpers.cc(14)] Error in dxva_video_decode_accelerator_win.cc on line 842
[0709/202654.189:ERROR:mf_helpers.cc(14)] Error in dxva_video_decode_accelerator_win.cc on line 1612
[0709/202654.189:ERROR:mf_helpers.cc(14)] Error in dxva_video_decode_accelerator_win.cc on line 842
[0709/202812.691:ERROR:mf_helpers.cc(14)] Error in dxva_video_decode_accelerator_win.cc on line 1612
[0709/202812.691:ERROR:mf_helpers.cc(14)] Error in dxva_video_decode_accelerator_win.cc on line 842
[0709/202817.075:ERROR:mf_helpers.cc(14)] Error in dxva_video_decode_accelerator_win.cc on line 1612
[0709/202817.075:ERROR:mf_helpers.cc(14)] Error in dxva_video_decode_accelerator_win.cc on line 842
[0709/202822.390:ERROR:mf_helpers.cc(14)] Error in dxva_video_decode_accelerator_win.cc on line 1612
[0709/202822.391:ERROR:mf_helpers.cc(14)] Error in dxva_video_decode_accelerator_win.cc on line 842
[0709/202822.692:ERROR:mf_helpers.cc(14)] Error in dxva_video_decode_accelerator_win.cc on line 1612
[0709/202822.692:ERROR:mf_helpers.cc(14)] Error in dxva_video_decode_accelerator_win.cc on line 842
[0709/202930.843:ERROR:mf_helpers.cc(14)] Error in dxva_video_decode_accelerator_win.cc on line 1612
[0709/202930.843:ERROR:mf_helpers.cc(14)] Error in dxva_video_decode_accelerator_win.cc on line 842
[0709/202932.429:ERROR:mf_helpers.cc(14)] Error in dxva_video_decode_accelerator_win.cc on line 1612
[0709/202932.429:ERROR:mf_helpers.cc(14)] Error in dxva_video_decode_accelerator_win.cc on line 842
[0709/202933.334:ERROR:mf_helpers.cc(14)] Error in dxva_video_decode_accelerator_win.cc on line 1612
[0709/202933.334:ERROR:mf_helpers.cc(14)] Error in dxva_video_decode_accelerator_win.cc on line 842
[0709/203901.480:ERROR:mf_helpers.cc(14)] Error in dxva_video_decode_accelerator_win.cc on line 1612
[0709/203901.481:ERROR:mf_helpers.cc(14)] Error in dxva_video_decode_accelerator_win.cc on line 842
[0709/203903.347:ERROR:mf_helpers.cc(14)] Error in dxva_video_decode_accelerator_win.cc on line 1612
[0709/203903.347:ERROR:mf_helpers.cc(14)] Error in dxva_video_decode_accelerator_win.cc on line 842
